<?xml version="1.0" encoding="UTF-8"?>
<!-- Generated by org.testng.reporters.JUnitReportReporter -->
<testsuite hostname="DESKTOP-8V9F6K1" failures="0" tests="2" name="com.rahul.testcases.TestSuite_99031.TC_03_LoginTest" time="19.596" errors="0" timestamp="2025-05-17T11:52:17 IST" skipped="0">
  <testcase classname="com.rahul.testcases.TestSuite_99031.TC_03_LoginTest" name="loginTestMethod_IncorrectUsridPassword" time="9.734"/>
  <testcase classname="com.rahul.testcases.TestSuite_99031.TC_03_LoginTest" name="loginTestMethod_IncorrectUsridPassword" time="9.862"/>
</testsuite> <!-- com.rahul.testcases.TestSuite_99031.TC_03_LoginTest -->
