<?xml version="1.0" encoding="UTF-8"?>
<!-- Generated by org.testng.reporters.JUnitReportReporter -->
<testsuite hostname="DESKTOP-8V9F6K1" failures="0" tests="1" name="com.rahul.testcases.TestSuite_99031.Test_2_UserRegistration" time="24.666" errors="0" timestamp="2025-04-18T02:14:08 IST" skipped="0">
  <testcase classname="com.rahul.testcases.TestSuite_99031.Test_2_UserRegistration" name="UserRegistration" time="24.666"/>
</testsuite> <!-- com.rahul.testcases.TestSuite_99031.Test_2_UserRegistration -->
