<?xml version="1.0" encoding="UTF-8"?>
<!-- Generated by org.testng.reporters.JUnitReportReporter -->
<testsuite hostname="DESKTOP-8V9F6K1" failures="0" tests="2" name="com.rahul.testcases.TestSuite_99031.TC_02_LoginTest" time="53.407" errors="0" timestamp="2025-04-19T00:45:35 IST" skipped="0">
  <testcase classname="com.rahul.testcases.TestSuite_99031.TC_02_LoginTest" name="RegistrationTest" time="28.376"/>
  <testcase classname="com.rahul.testcases.TestSuite_99031.TC_02_LoginTest" name="loginTestCorrectPassword" time="25.031"/>
</testsuite> <!-- com.rahul.testcases.TestSuite_99031.TC_02_LoginTest -->
