<?xml version="1.0" encoding="UTF-8"?>
<!-- Generated by org.testng.reporters.JUnitReportReporter -->
<testsuite hostname="DESKTOP-8V9F6K1" failures="0" tests="4" name="com.rahul.testcases.TestSuite_99031.TC01_UserRegistrationTest" time="110.707" errors="0" timestamp="2025-04-18T02:38:12 IST" skipped="0">
  <testcase classname="com.rahul.testcases.TestSuite_99031.TC01_UserRegistrationTest" name="UserRegistration" time="25.912"/>
  <testcase classname="com.rahul.testcases.TestSuite_99031.TC01_UserRegistrationTest" name="UserRegistration" time="26.701"/>
  <testcase classname="com.rahul.testcases.TestSuite_99031.TC01_UserRegistrationTest" name="UserRegistration" time="32.842"/>
  <testcase classname="com.rahul.testcases.TestSuite_99031.TC01_UserRegistrationTest" name="UserRegistration" time="25.252"/>
</testsuite> <!-- com.rahul.testcases.TestSuite_99031.TC01_UserRegistrationTest -->
